Java memory size is set to 1200M
Launching application...

OpenJDK 64-Bit Server VM warning: ignoring option MaxPermSize=1024m; support was removed in 8.0
QualiMap v.2.2.1
Built on 2016-10-03 18:14

Selected tool: bamqc
Available memory (Mb): 32
Max memory (Mb): 1118
Starting bam qc....
Loading sam header...
Loading locator...
Loading reference...
Number of windows: 400, effective number of windows: 594
Chunk of reads size: 1000
Number of threads: 8
Processed 59 out of 594 windows...
Processed 118 out of 594 windows...
Processed 177 out of 594 windows...
Processed 236 out of 594 windows...
Processed 295 out of 594 windows...
Processed 354 out of 594 windows...
Processed 413 out of 594 windows...
Processed 472 out of 594 windows...
Processed 531 out of 594 windows...
Processed 590 out of 594 windows...
Total processed windows:594
Number of reads: 8966100
Number of valid reads: 8966100
Number of correct strand reads:0

Inside of regions...
Num mapped reads: 8966100
Num mapped first of pair: 4562528
Num mapped second of pair: 4403572
Num singletons: 241220
Time taken to analyze reads: 353
Computing descriptors...
numberOfMappedBases: 1159004304
referenceSize: 3099922541
numberOfSequencedBases: 1158303724
numberOfAs: 345880450
Computing per chromosome statistics...
Computing histograms...
Overall analysis time: 357
end of bam qc
Computing report...
Writing HTML report...
HTML report created successfully

Finished
